<?xml version="1.0" encoding="UTF-8"?><testrun name="simpledb" project="simple-db-hw" tests="33" started="33" failures="0" errors="6" ignored="0">
  <testsuite name="simpledb.TupleTest" time="0.002">
    <testcase name="getTupleDesc" classname="simpledb.TupleTest" time="0.0"/>
    <testcase name="modifyFields" classname="simpledb.TupleTest" time="0.0"/>
    <testcase name="tupToString" classname="simpledb.TupleTest" time="0.001"/>
    <testcase name="modifyRecordId" classname="simpledb.TupleTest" time="0.001"/>
  </testsuite>
  <testsuite name="simpledb.CatalogTest" time="0.002">
    <testcase name="handleDuplicateNames" classname="simpledb.CatalogTest" time="0.001"/>
    <testcase name="handleDuplicateIds" classname="simpledb.CatalogTest" time="0.0"/>
    <testcase name="getDatabaseFile" classname="simpledb.CatalogTest" time="0.0"/>
    <testcase name="getTableId" classname="simpledb.CatalogTest" time="0.0"/>
    <testcase name="getTupleDesc" classname="simpledb.CatalogTest" time="0.001"/>
  </testsuite>
  <testsuite name="simpledb.TupleDescTest" time="0.011">
    <testcase name="combine" classname="simpledb.TupleDescTest" time="0.0"/>
    <testcase name="getType" classname="simpledb.TupleDescTest" time="0.0"/>
    <testcase name="getSize" classname="simpledb.TupleDescTest" time="0.001"/>
    <testcase name="numFields" classname="simpledb.TupleDescTest" time="0.0"/>
    <testcase name="testEquals" classname="simpledb.TupleDescTest" time="0.0"/>
    <testcase name="nameToId" classname="simpledb.TupleDescTest" time="0.01"/>
  </testsuite>
  <testsuite name="simpledb.RecordIdTest" time="0.002">
    <testcase name="equals" classname="simpledb.RecordIdTest" time="0.001"/>
    <testcase name="hCode" classname="simpledb.RecordIdTest" time="0.0"/>
    <testcase name="getPageId" classname="simpledb.RecordIdTest" time="0.0"/>
    <testcase name="tupleno" classname="simpledb.RecordIdTest" time="0.001"/>
  </testsuite>
  <testsuite name="simpledb.HeapPageIdTest" time="0.001">
    <testcase name="equals" classname="simpledb.HeapPageIdTest" time="0.0"/>
    <testcase name="getTableId" classname="simpledb.HeapPageIdTest" time="0.0"/>
    <testcase name="pageno" classname="simpledb.HeapPageIdTest" time="0.0"/>
    <testcase name="testHashCode" classname="simpledb.HeapPageIdTest" time="0.001"/>
  </testsuite>
  <testsuite name="simpledb.HeapPageReadTest" time="0.004">
    <testcase name="getId" classname="simpledb.HeapPageReadTest" time="0.002"/>
    <testcase name="getSlot" classname="simpledb.HeapPageReadTest" time="0.0"/>
    <testcase name="getNumEmptySlots" classname="simpledb.HeapPageReadTest" time="0.001"/>
    <testcase name="testIterator" classname="simpledb.HeapPageReadTest" time="0.001"/>
  </testsuite>
  <testsuite name="simpledb.HeapFileReadTest" time="0.011">
    <testcase name="getId" classname="simpledb.HeapFileReadTest" time="0.003">
      <error>java.lang.UnsupportedOperationException: implement this&#13;
	at simpledb.HeapFile.getId(HeapFile.java:50)&#13;
	at simpledb.Catalog.addTable(Catalog.java:50)&#13;
	at simpledb.Catalog.addTable(Catalog.java:57)&#13;
	at simpledb.Utility.openHeapFile(Utility.java:136)&#13;
	at simpledb.systemtest.SystemTestUtil.createRandomHeapFile(SystemTestUtil.java:36)&#13;
	at simpledb.systemtest.SystemTestUtil.createRandomHeapFile(SystemTestUtil.java:26)&#13;
	at simpledb.HeapFileReadTest.setUp(HeapFileReadTest.java:24)&#13;
	at sun.reflect.NativeMethodAccessorImpl.invoke0(Native Method)&#13;
	at sun.reflect.NativeMethodAccessorImpl.invoke(Unknown Source)&#13;
	at sun.reflect.DelegatingMethodAccessorImpl.invoke(Unknown Source)&#13;
	at java.lang.reflect.Method.invoke(Unknown Source)&#13;
	at org.junit.runners.model.FrameworkMethod$1.runReflectiveCall(FrameworkMethod.java:44)&#13;
	at org.junit.internal.runners.model.ReflectiveCallable.run(ReflectiveCallable.java:15)&#13;
	at org.junit.runners.model.FrameworkMethod.invokeExplosively(FrameworkMethod.java:41)&#13;
	at org.junit.internal.runners.statements.RunBefores.evaluate(RunBefores.java:27)&#13;
	at org.junit.internal.runners.statements.RunAfters.evaluate(RunAfters.java:31)&#13;
	at org.junit.runners.BlockJUnit4ClassRunner.runChild(BlockJUnit4ClassRunner.java:73)&#13;
	at org.junit.runners.BlockJUnit4ClassRunner.runChild(BlockJUnit4ClassRunner.java:46)&#13;
	at org.junit.runners.ParentRunner.runChildren(ParentRunner.java:180)&#13;
	at org.junit.runners.ParentRunner.access$000(ParentRunner.java:41)&#13;
	at org.junit.runners.ParentRunner$1.evaluate(ParentRunner.java:173)&#13;
	at org.junit.internal.runners.statements.RunBefores.evaluate(RunBefores.java:28)&#13;
	at org.junit.internal.runners.statements.RunAfters.evaluate(RunAfters.java:31)&#13;
	at org.junit.runners.ParentRunner.run(ParentRunner.java:220)&#13;
	at junit.framework.JUnit4TestAdapter.run(JUnit4TestAdapter.java:39)&#13;
	at org.junit.internal.runners.JUnit38ClassRunner.run(JUnit38ClassRunner.java:79)&#13;
	at org.eclipse.jdt.internal.junit4.runner.JUnit4TestReference.run(JUnit4TestReference.java:86)&#13;
	at org.eclipse.jdt.internal.junit.runner.TestExecution.run(TestExecution.java:38)&#13;
	at org.eclipse.jdt.internal.junit.runner.RemoteTestRunner.runTests(RemoteTestRunner.java:459)&#13;
	at org.eclipse.jdt.internal.junit.runner.RemoteTestRunner.runTests(RemoteTestRunner.java:678)&#13;
	at org.eclipse.jdt.internal.junit.runner.RemoteTestRunner.run(RemoteTestRunner.java:382)&#13;
	at org.eclipse.jdt.internal.junit.runner.RemoteTestRunner.main(RemoteTestRunner.java:192)&#13;
&#13;
</error>
    </testcase>
    <testcase name="getTupleDesc" classname="simpledb.HeapFileReadTest" time="0.002">
      <error>java.lang.UnsupportedOperationException: implement this&#13;
	at simpledb.HeapFile.getId(HeapFile.java:50)&#13;
	at simpledb.Catalog.addTable(Catalog.java:50)&#13;
	at simpledb.Catalog.addTable(Catalog.java:57)&#13;
	at simpledb.Utility.openHeapFile(Utility.java:136)&#13;
	at simpledb.systemtest.SystemTestUtil.createRandomHeapFile(SystemTestUtil.java:36)&#13;
	at simpledb.systemtest.SystemTestUtil.createRandomHeapFile(SystemTestUtil.java:26)&#13;
	at simpledb.HeapFileReadTest.setUp(HeapFileReadTest.java:24)&#13;
	at sun.reflect.NativeMethodAccessorImpl.invoke0(Native Method)&#13;
	at sun.reflect.NativeMethodAccessorImpl.invoke(Unknown Source)&#13;
	at sun.reflect.DelegatingMethodAccessorImpl.invoke(Unknown Source)&#13;
	at java.lang.reflect.Method.invoke(Unknown Source)&#13;
	at org.junit.runners.model.FrameworkMethod$1.runReflectiveCall(FrameworkMethod.java:44)&#13;
	at org.junit.internal.runners.model.ReflectiveCallable.run(ReflectiveCallable.java:15)&#13;
	at org.junit.runners.model.FrameworkMethod.invokeExplosively(FrameworkMethod.java:41)&#13;
	at org.junit.internal.runners.statements.RunBefores.evaluate(RunBefores.java:27)&#13;
	at org.junit.internal.runners.statements.RunAfters.evaluate(RunAfters.java:31)&#13;
	at org.junit.runners.BlockJUnit4ClassRunner.runChild(BlockJUnit4ClassRunner.java:73)&#13;
	at org.junit.runners.BlockJUnit4ClassRunner.runChild(BlockJUnit4ClassRunner.java:46)&#13;
	at org.junit.runners.ParentRunner.runChildren(ParentRunner.java:180)&#13;
	at org.junit.runners.ParentRunner.access$000(ParentRunner.java:41)&#13;
	at org.junit.runners.ParentRunner$1.evaluate(ParentRunner.java:173)&#13;
	at org.junit.internal.runners.statements.RunBefores.evaluate(RunBefores.java:28)&#13;
	at org.junit.internal.runners.statements.RunAfters.evaluate(RunAfters.java:31)&#13;
	at org.junit.runners.ParentRunner.run(ParentRunner.java:220)&#13;
	at junit.framework.JUnit4TestAdapter.run(JUnit4TestAdapter.java:39)&#13;
	at org.junit.internal.runners.JUnit38ClassRunner.run(JUnit38ClassRunner.java:79)&#13;
	at org.eclipse.jdt.internal.junit4.runner.JUnit4TestReference.run(JUnit4TestReference.java:86)&#13;
	at org.eclipse.jdt.internal.junit.runner.TestExecution.run(TestExecution.java:38)&#13;
	at org.eclipse.jdt.internal.junit.runner.RemoteTestRunner.runTests(RemoteTestRunner.java:459)&#13;
	at org.eclipse.jdt.internal.junit.runner.RemoteTestRunner.runTests(RemoteTestRunner.java:678)&#13;
	at org.eclipse.jdt.internal.junit.runner.RemoteTestRunner.run(RemoteTestRunner.java:382)&#13;
	at org.eclipse.jdt.internal.junit.runner.RemoteTestRunner.main(RemoteTestRunner.java:192)&#13;
&#13;
</error>
    </testcase>
    <testcase name="numPages" classname="simpledb.HeapFileReadTest" time="0.001">
      <error>java.lang.UnsupportedOperationException: implement this&#13;
	at simpledb.HeapFile.getId(HeapFile.java:50)&#13;
	at simpledb.Catalog.addTable(Catalog.java:50)&#13;
	at simpledb.Catalog.addTable(Catalog.java:57)&#13;
	at simpledb.Utility.openHeapFile(Utility.java:136)&#13;
	at simpledb.systemtest.SystemTestUtil.createRandomHeapFile(SystemTestUtil.java:36)&#13;
	at simpledb.systemtest.SystemTestUtil.createRandomHeapFile(SystemTestUtil.java:26)&#13;
	at simpledb.HeapFileReadTest.setUp(HeapFileReadTest.java:24)&#13;
	at sun.reflect.NativeMethodAccessorImpl.invoke0(Native Method)&#13;
	at sun.reflect.NativeMethodAccessorImpl.invoke(Unknown Source)&#13;
	at sun.reflect.DelegatingMethodAccessorImpl.invoke(Unknown Source)&#13;
	at java.lang.reflect.Method.invoke(Unknown Source)&#13;
	at org.junit.runners.model.FrameworkMethod$1.runReflectiveCall(FrameworkMethod.java:44)&#13;
	at org.junit.internal.runners.model.ReflectiveCallable.run(ReflectiveCallable.java:15)&#13;
	at org.junit.runners.model.FrameworkMethod.invokeExplosively(FrameworkMethod.java:41)&#13;
	at org.junit.internal.runners.statements.RunBefores.evaluate(RunBefores.java:27)&#13;
	at org.junit.internal.runners.statements.RunAfters.evaluate(RunAfters.java:31)&#13;
	at org.junit.runners.BlockJUnit4ClassRunner.runChild(BlockJUnit4ClassRunner.java:73)&#13;
	at org.junit.runners.BlockJUnit4ClassRunner.runChild(BlockJUnit4ClassRunner.java:46)&#13;
	at org.junit.runners.ParentRunner.runChildren(ParentRunner.java:180)&#13;
	at org.junit.runners.ParentRunner.access$000(ParentRunner.java:41)&#13;
	at org.junit.runners.ParentRunner$1.evaluate(ParentRunner.java:173)&#13;
	at org.junit.internal.runners.statements.RunBefores.evaluate(RunBefores.java:28)&#13;
	at org.junit.internal.runners.statements.RunAfters.evaluate(RunAfters.java:31)&#13;
	at org.junit.runners.ParentRunner.run(ParentRunner.java:220)&#13;
	at junit.framework.JUnit4TestAdapter.run(JUnit4TestAdapter.java:39)&#13;
	at org.junit.internal.runners.JUnit38ClassRunner.run(JUnit38ClassRunner.java:79)&#13;
	at org.eclipse.jdt.internal.junit4.runner.JUnit4TestReference.run(JUnit4TestReference.java:86)&#13;
	at org.eclipse.jdt.internal.junit.runner.TestExecution.run(TestExecution.java:38)&#13;
	at org.eclipse.jdt.internal.junit.runner.RemoteTestRunner.runTests(RemoteTestRunner.java:459)&#13;
	at org.eclipse.jdt.internal.junit.runner.RemoteTestRunner.runTests(RemoteTestRunner.java:678)&#13;
	at org.eclipse.jdt.internal.junit.runner.RemoteTestRunner.run(RemoteTestRunner.java:382)&#13;
	at org.eclipse.jdt.internal.junit.runner.RemoteTestRunner.main(RemoteTestRunner.java:192)&#13;
&#13;
</error>
    </testcase>
    <testcase name="readPage" classname="simpledb.HeapFileReadTest" time="0.001">
      <error>java.lang.UnsupportedOperationException: implement this&#13;
	at simpledb.HeapFile.getId(HeapFile.java:50)&#13;
	at simpledb.Catalog.addTable(Catalog.java:50)&#13;
	at simpledb.Catalog.addTable(Catalog.java:57)&#13;
	at simpledb.Utility.openHeapFile(Utility.java:136)&#13;
	at simpledb.systemtest.SystemTestUtil.createRandomHeapFile(SystemTestUtil.java:36)&#13;
	at simpledb.systemtest.SystemTestUtil.createRandomHeapFile(SystemTestUtil.java:26)&#13;
	at simpledb.HeapFileReadTest.setUp(HeapFileReadTest.java:24)&#13;
	at sun.reflect.NativeMethodAccessorImpl.invoke0(Native Method)&#13;
	at sun.reflect.NativeMethodAccessorImpl.invoke(Unknown Source)&#13;
	at sun.reflect.DelegatingMethodAccessorImpl.invoke(Unknown Source)&#13;
	at java.lang.reflect.Method.invoke(Unknown Source)&#13;
	at org.junit.runners.model.FrameworkMethod$1.runReflectiveCall(FrameworkMethod.java:44)&#13;
	at org.junit.internal.runners.model.ReflectiveCallable.run(ReflectiveCallable.java:15)&#13;
	at org.junit.runners.model.FrameworkMethod.invokeExplosively(FrameworkMethod.java:41)&#13;
	at org.junit.internal.runners.statements.RunBefores.evaluate(RunBefores.java:27)&#13;
	at org.junit.internal.runners.statements.RunAfters.evaluate(RunAfters.java:31)&#13;
	at org.junit.runners.BlockJUnit4ClassRunner.runChild(BlockJUnit4ClassRunner.java:73)&#13;
	at org.junit.runners.BlockJUnit4ClassRunner.runChild(BlockJUnit4ClassRunner.java:46)&#13;
	at org.junit.runners.ParentRunner.runChildren(ParentRunner.java:180)&#13;
	at org.junit.runners.ParentRunner.access$000(ParentRunner.java:41)&#13;
	at org.junit.runners.ParentRunner$1.evaluate(ParentRunner.java:173)&#13;
	at org.junit.internal.runners.statements.RunBefores.evaluate(RunBefores.java:28)&#13;
	at org.junit.internal.runners.statements.RunAfters.evaluate(RunAfters.java:31)&#13;
	at org.junit.runners.ParentRunner.run(ParentRunner.java:220)&#13;
	at junit.framework.JUnit4TestAdapter.run(JUnit4TestAdapter.java:39)&#13;
	at org.junit.internal.runners.JUnit38ClassRunner.run(JUnit38ClassRunner.java:79)&#13;
	at org.eclipse.jdt.internal.junit4.runner.JUnit4TestReference.run(JUnit4TestReference.java:86)&#13;
	at org.eclipse.jdt.internal.junit.runner.TestExecution.run(TestExecution.java:38)&#13;
	at org.eclipse.jdt.internal.junit.runner.RemoteTestRunner.runTests(RemoteTestRunner.java:459)&#13;
	at org.eclipse.jdt.internal.junit.runner.RemoteTestRunner.runTests(RemoteTestRunner.java:678)&#13;
	at org.eclipse.jdt.internal.junit.runner.RemoteTestRunner.run(RemoteTestRunner.java:382)&#13;
	at org.eclipse.jdt.internal.junit.runner.RemoteTestRunner.main(RemoteTestRunner.java:192)&#13;
&#13;
</error>
    </testcase>
    <testcase name="testIteratorBasic" classname="simpledb.HeapFileReadTest" time="0.001">
      <error>java.lang.UnsupportedOperationException: implement this&#13;
	at simpledb.HeapFile.getId(HeapFile.java:50)&#13;
	at simpledb.Catalog.addTable(Catalog.java:50)&#13;
	at simpledb.Catalog.addTable(Catalog.java:57)&#13;
	at simpledb.Utility.openHeapFile(Utility.java:136)&#13;
	at simpledb.systemtest.SystemTestUtil.createRandomHeapFile(SystemTestUtil.java:36)&#13;
	at simpledb.systemtest.SystemTestUtil.createRandomHeapFile(SystemTestUtil.java:26)&#13;
	at simpledb.HeapFileReadTest.setUp(HeapFileReadTest.java:24)&#13;
	at sun.reflect.NativeMethodAccessorImpl.invoke0(Native Method)&#13;
	at sun.reflect.NativeMethodAccessorImpl.invoke(Unknown Source)&#13;
	at sun.reflect.DelegatingMethodAccessorImpl.invoke(Unknown Source)&#13;
	at java.lang.reflect.Method.invoke(Unknown Source)&#13;
	at org.junit.runners.model.FrameworkMethod$1.runReflectiveCall(FrameworkMethod.java:44)&#13;
	at org.junit.internal.runners.model.ReflectiveCallable.run(ReflectiveCallable.java:15)&#13;
	at org.junit.runners.model.FrameworkMethod.invokeExplosively(FrameworkMethod.java:41)&#13;
	at org.junit.internal.runners.statements.RunBefores.evaluate(RunBefores.java:27)&#13;
	at org.junit.internal.runners.statements.RunAfters.evaluate(RunAfters.java:31)&#13;
	at org.junit.runners.BlockJUnit4ClassRunner.runChild(BlockJUnit4ClassRunner.java:73)&#13;
	at org.junit.runners.BlockJUnit4ClassRunner.runChild(BlockJUnit4ClassRunner.java:46)&#13;
	at org.junit.runners.ParentRunner.runChildren(ParentRunner.java:180)&#13;
	at org.junit.runners.ParentRunner.access$000(ParentRunner.java:41)&#13;
	at org.junit.runners.ParentRunner$1.evaluate(ParentRunner.java:173)&#13;
	at org.junit.internal.runners.statements.RunBefores.evaluate(RunBefores.java:28)&#13;
	at org.junit.internal.runners.statements.RunAfters.evaluate(RunAfters.java:31)&#13;
	at org.junit.runners.ParentRunner.run(ParentRunner.java:220)&#13;
	at junit.framework.JUnit4TestAdapter.run(JUnit4TestAdapter.java:39)&#13;
	at org.junit.internal.runners.JUnit38ClassRunner.run(JUnit38ClassRunner.java:79)&#13;
	at org.eclipse.jdt.internal.junit4.runner.JUnit4TestReference.run(JUnit4TestReference.java:86)&#13;
	at org.eclipse.jdt.internal.junit.runner.TestExecution.run(TestExecution.java:38)&#13;
	at org.eclipse.jdt.internal.junit.runner.RemoteTestRunner.runTests(RemoteTestRunner.java:459)&#13;
	at org.eclipse.jdt.internal.junit.runner.RemoteTestRunner.runTests(RemoteTestRunner.java:678)&#13;
	at org.eclipse.jdt.internal.junit.runner.RemoteTestRunner.run(RemoteTestRunner.java:382)&#13;
	at org.eclipse.jdt.internal.junit.runner.RemoteTestRunner.main(RemoteTestRunner.java:192)&#13;
&#13;
</error>
    </testcase>
    <testcase name="testIteratorClose" classname="simpledb.HeapFileReadTest" time="0.003">
      <error>java.lang.UnsupportedOperationException: implement this&#13;
	at simpledb.HeapFile.getId(HeapFile.java:50)&#13;
	at simpledb.Catalog.addTable(Catalog.java:50)&#13;
	at simpledb.Catalog.addTable(Catalog.java:57)&#13;
	at simpledb.Utility.openHeapFile(Utility.java:136)&#13;
	at simpledb.systemtest.SystemTestUtil.createRandomHeapFile(SystemTestUtil.java:36)&#13;
	at simpledb.systemtest.SystemTestUtil.createRandomHeapFile(SystemTestUtil.java:26)&#13;
	at simpledb.HeapFileReadTest.setUp(HeapFileReadTest.java:24)&#13;
	at sun.reflect.NativeMethodAccessorImpl.invoke0(Native Method)&#13;
	at sun.reflect.NativeMethodAccessorImpl.invoke(Unknown Source)&#13;
	at sun.reflect.DelegatingMethodAccessorImpl.invoke(Unknown Source)&#13;
	at java.lang.reflect.Method.invoke(Unknown Source)&#13;
	at org.junit.runners.model.FrameworkMethod$1.runReflectiveCall(FrameworkMethod.java:44)&#13;
	at org.junit.internal.runners.model.ReflectiveCallable.run(ReflectiveCallable.java:15)&#13;
	at org.junit.runners.model.FrameworkMethod.invokeExplosively(FrameworkMethod.java:41)&#13;
	at org.junit.internal.runners.statements.RunBefores.evaluate(RunBefores.java:27)&#13;
	at org.junit.internal.runners.statements.RunAfters.evaluate(RunAfters.java:31)&#13;
	at org.junit.runners.BlockJUnit4ClassRunner.runChild(BlockJUnit4ClassRunner.java:73)&#13;
	at org.junit.runners.BlockJUnit4ClassRunner.runChild(BlockJUnit4ClassRunner.java:46)&#13;
	at org.junit.runners.ParentRunner.runChildren(ParentRunner.java:180)&#13;
	at org.junit.runners.ParentRunner.access$000(ParentRunner.java:41)&#13;
	at org.junit.runners.ParentRunner$1.evaluate(ParentRunner.java:173)&#13;
	at org.junit.internal.runners.statements.RunBefores.evaluate(RunBefores.java:28)&#13;
	at org.junit.internal.runners.statements.RunAfters.evaluate(RunAfters.java:31)&#13;
	at org.junit.runners.ParentRunner.run(ParentRunner.java:220)&#13;
	at junit.framework.JUnit4TestAdapter.run(JUnit4TestAdapter.java:39)&#13;
	at org.junit.internal.runners.JUnit38ClassRunner.run(JUnit38ClassRunner.java:79)&#13;
	at org.eclipse.jdt.internal.junit4.runner.JUnit4TestReference.run(JUnit4TestReference.java:86)&#13;
	at org.eclipse.jdt.internal.junit.runner.TestExecution.run(TestExecution.java:38)&#13;
	at org.eclipse.jdt.internal.junit.runner.RemoteTestRunner.runTests(RemoteTestRunner.java:459)&#13;
	at org.eclipse.jdt.internal.junit.runner.RemoteTestRunner.runTests(RemoteTestRunner.java:678)&#13;
	at org.eclipse.jdt.internal.junit.runner.RemoteTestRunner.run(RemoteTestRunner.java:382)&#13;
	at org.eclipse.jdt.internal.junit.runner.RemoteTestRunner.main(RemoteTestRunner.java:192)&#13;
&#13;
</error>
    </testcase>
  </testsuite>
</testrun>
